五月 25, 2016 11:21:28 上午 org.apache.catalina.core.ApplicationContext log
信息: ContextListener: contextInitialized()
五月 25, 2016 11:21:28 上午 org.apache.catalina.core.ApplicationContext log
信息: SessionListener: contextInitialized()
五月 25, 2016 11:21:29 上午 org.apache.catalina.core.ApplicationContext log
信息: ContextListener: attributeAdded('org.apache.jasper.compiler.TldLocationsCache', 'org.apache.jasper.compiler.TldLocationsCache@f5a941b')
五月 25, 2016 3:16:16 下午 org.apache.catalina.core.ApplicationContext log
信息: SessionListener: contextDestroyed()
五月 25, 2016 3:16:16 下午 org.apache.catalina.core.ApplicationContext log
信息: ContextListener: contextDestroyed()
五月 25, 2016 5:19:53 下午 org.apache.catalina.core.ApplicationContext log
信息: ContextListener: contextInitialized()
五月 25, 2016 5:19:53 下午 org.apache.catalina.core.ApplicationContext log
信息: SessionListener: contextInitialized()
五月 25, 2016 5:19:53 下午 org.apache.catalina.core.ApplicationContext log
信息: ContextListener: attributeAdded('org.apache.jasper.compiler.TldLocationsCache', 'org.apache.jasper.compiler.TldLocationsCache@5270ccc2')
五月 25, 2016 5:22:32 下午 org.apache.catalina.core.ApplicationContext log
信息: SessionListener: contextDestroyed()
五月 25, 2016 5:22:32 下午 org.apache.catalina.core.ApplicationContext log
信息: ContextListener: contextDestroyed()
五月 25, 2016 5:35:41 下午 org.apache.catalina.core.ApplicationContext log
信息: ContextListener: contextInitialized()
五月 25, 2016 5:35:41 下午 org.apache.catalina.core.ApplicationContext log
信息: SessionListener: contextInitialized()
五月 25, 2016 5:35:41 下午 org.apache.catalina.core.ApplicationContext log
信息: ContextListener: attributeAdded('org.apache.jasper.compiler.TldLocationsCache', 'org.apache.jasper.compiler.TldLocationsCache@5d57f865')
五月 25, 2016 5:36:55 下午 org.apache.catalina.core.ApplicationContext log
信息: SessionListener: contextDestroyed()
五月 25, 2016 5:36:55 下午 org.apache.catalina.core.ApplicationContext log
信息: ContextListener: contextDestroyed()
五月 25, 2016 5:37:01 下午 org.apache.catalina.core.ApplicationContext log
信息: ContextListener: contextInitialized()
五月 25, 2016 5:37:01 下午 org.apache.catalina.core.ApplicationContext log
信息: SessionListener: contextInitialized()
五月 25, 2016 5:37:01 下午 org.apache.catalina.core.ApplicationContext log
信息: ContextListener: attributeAdded('org.apache.jasper.compiler.TldLocationsCache', 'org.apache.jasper.compiler.TldLocationsCache@4eccf230')
五月 25, 2016 5:38:18 下午 org.apache.catalina.core.ApplicationContext log
信息: SessionListener: contextDestroyed()
五月 25, 2016 5:38:18 下午 org.apache.catalina.core.ApplicationContext log
信息: ContextListener: contextDestroyed()
五月 25, 2016 5:39:13 下午 org.apache.catalina.core.ApplicationContext log
信息: ContextListener: contextInitialized()
五月 25, 2016 5:39:13 下午 org.apache.catalina.core.ApplicationContext log
信息: SessionListener: contextInitialized()
五月 25, 2016 5:39:13 下午 org.apache.catalina.core.ApplicationContext log
信息: ContextListener: attributeAdded('org.apache.jasper.compiler.TldLocationsCache', 'org.apache.jasper.compiler.TldLocationsCache@cada993')
五月 25, 2016 5:39:47 下午 org.apache.catalina.core.ApplicationContext log
信息: SessionListener: contextDestroyed()
五月 25, 2016 5:39:47 下午 org.apache.catalina.core.ApplicationContext log
信息: ContextListener: contextDestroyed()
五月 25, 2016 5:39:52 下午 org.apache.catalina.core.ApplicationContext log
信息: ContextListener: contextInitialized()
五月 25, 2016 5:39:52 下午 org.apache.catalina.core.ApplicationContext log
信息: SessionListener: contextInitialized()
五月 25, 2016 5:39:53 下午 org.apache.catalina.core.ApplicationContext log
信息: ContextListener: attributeAdded('org.apache.jasper.compiler.TldLocationsCache', 'org.apache.jasper.compiler.TldLocationsCache@9e7ffcc')
五月 25, 2016 11:07:12 下午 org.apache.catalina.core.ApplicationContext log
信息: SessionListener: contextDestroyed()
五月 25, 2016 11:07:12 下午 org.apache.catalina.core.ApplicationContext log
信息: ContextListener: contextDestroyed()
